<?xml version="1.0" encoding="UTF-8"?>
<!-- Generated by org.testng.reporters.JUnitXMLReporter -->
<testsuite hostname="Tests-MacBook-Pro.local" ignored="0" name="Surefire test" tests="2" failures="2" timestamp="10 Sep 2018 08:39:49 GMT" time="2.203" errors="0">
  <testcase name="googleCheeseExample" time="2.182" classname="Chapter1.BasicIT">
    <failure type="java.lang.NullPointerException">
      <![CDATA[java.lang.NullPointerException
at Chapter1.BasicIT.googleExampleThatSearchesFor(BasicIT.java:25)
at Chapter1.BasicIT.googleCheeseExample(BasicIT.java:43)
at java.util.concurrent.ThreadPoolExecutor.runWorker(ThreadPoolExecutor.java:1149)
at java.util.concurrent.ThreadPoolExecutor$Worker.run(ThreadPoolExecutor.java:624)
at java.lang.Thread.run(Thread.java:748)
... Removed 10 stack frames]]>
    </failure>
  </testcase> <!-- googleCheeseExample -->
  <testcase name="googleMilkExample" time="0.0" classname="Chapter1.BasicIT">
    <failure type="java.lang.NullPointerException">
      <![CDATA[java.lang.NullPointerException
at Chapter1.BasicIT.googleExampleThatSearchesFor(BasicIT.java:25)
at Chapter1.BasicIT.googleMilkExample(BasicIT.java:48)
at java.util.concurrent.ThreadPoolExecutor.runWorker(ThreadPoolExecutor.java:1149)
at java.util.concurrent.ThreadPoolExecutor$Worker.run(ThreadPoolExecutor.java:624)
at java.lang.Thread.run(Thread.java:748)
... Removed 10 stack frames]]>
    </failure>
  </testcase> <!-- googleMilkExample -->
</testsuite> <!-- Surefire test -->
