<?xml version="1.0" encoding="UTF-8"?>
<testng-results skipped="0" failed="2" ignored="0" total="2" passed="0">
  <reporter-output>
  </reporter-output>
  <suite name="Surefire suite" duration-ms="2203" started-at="2018-09-10T08:39:47Z" finished-at="2018-09-10T08:39:49Z">
    <groups>
    </groups>
    <test name="Surefire test" duration-ms="2203" started-at="2018-09-10T08:39:47Z" finished-at="2018-09-10T08:39:49Z">
      <class name="Chapter1.BasicIT">
        <test-method status="PASS" signature="instantiateDriverObject()[pri:0, instance:Chapter1.BasicIT@735b478]" name="instantiateDriverObject" is-config="true" duration-ms="8" started-at="2018-09-10T08:39:47Z" finished-at="2018-09-10T08:39:47Z">
          <reporter-output>
          </reporter-output>
        </test-method> <!-- instantiateDriverObject -->
        <test-method status="FAIL" signature="googleCheeseExample()[pri:0, instance:Chapter1.BasicIT@735b478]" name="googleCheeseExample" duration-ms="2182" started-at="2018-09-10T08:39:47Z" finished-at="2018-09-10T08:39:49Z">
          <exception class="java.lang.NullPointerException">
            <full-stacktrace>
              <![CDATA[java.lang.NullPointerException
at Chapter1.BasicIT.googleExampleThatSearchesFor(BasicIT.java:25)
at Chapter1.BasicIT.googleCheeseExample(BasicIT.java:43)
at sun.reflect.NativeMethodAccessorImpl.invoke0(Native Method)
at sun.reflect.NativeMethodAccessorImpl.invoke(NativeMethodAccessorImpl.java:62)
at sun.reflect.DelegatingMethodAccessorImpl.invoke(DelegatingMethodAccessorImpl.java:43)
at java.lang.reflect.Method.invoke(Method.java:498)
at org.testng.internal.MethodInvocationHelper.invokeMethod(MethodInvocationHelper.java:124)
at org.testng.internal.Invoker.invokeMethod(Invoker.java:583)
at org.testng.internal.Invoker.invokeTestMethod(Invoker.java:719)
at org.testng.internal.Invoker.invokeTestMethods(Invoker.java:989)
at org.testng.internal.TestMethodWorker.invokeTestMethods(TestMethodWorker.java:125)
at org.testng.internal.TestMethodWorker.run(TestMethodWorker.java:109)
at java.util.concurrent.ThreadPoolExecutor.runWorker(ThreadPoolExecutor.java:1149)
at java.util.concurrent.ThreadPoolExecutor$Worker.run(ThreadPoolExecutor.java:624)
at java.lang.Thread.run(Thread.java:748)
]]>
            </full-stacktrace>
          </exception> <!-- java.lang.NullPointerException -->
          <reporter-output>
          </reporter-output>
        </test-method> <!-- googleCheeseExample -->
        <test-method status="PASS" signature="clearCookies()[pri:0, instance:Chapter1.BasicIT@735b478]" name="clearCookies" is-config="true" duration-ms="1" started-at="2018-09-10T08:39:49Z" finished-at="2018-09-10T08:39:49Z">
          <reporter-output>
          </reporter-output>
        </test-method> <!-- clearCookies -->
        <test-method status="FAIL" signature="googleMilkExample()[pri:0, instance:Chapter1.BasicIT@735b478]" name="googleMilkExample" duration-ms="0" started-at="2018-09-10T08:39:49Z" finished-at="2018-09-10T08:39:49Z">
          <exception class="java.lang.NullPointerException">
            <full-stacktrace>
              <![CDATA[java.lang.NullPointerException
at Chapter1.BasicIT.googleExampleThatSearchesFor(BasicIT.java:25)
at Chapter1.BasicIT.googleMilkExample(BasicIT.java:48)
at sun.reflect.NativeMethodAccessorImpl.invoke0(Native Method)
at sun.reflect.NativeMethodAccessorImpl.invoke(NativeMethodAccessorImpl.java:62)
at sun.reflect.DelegatingMethodAccessorImpl.invoke(DelegatingMethodAccessorImpl.java:43)
at java.lang.reflect.Method.invoke(Method.java:498)
at org.testng.internal.MethodInvocationHelper.invokeMethod(MethodInvocationHelper.java:124)
at org.testng.internal.Invoker.invokeMethod(Invoker.java:583)
at org.testng.internal.Invoker.invokeTestMethod(Invoker.java:719)
at org.testng.internal.Invoker.invokeTestMethods(Invoker.java:989)
at org.testng.internal.TestMethodWorker.invokeTestMethods(TestMethodWorker.java:125)
at org.testng.internal.TestMethodWorker.run(TestMethodWorker.java:109)
at java.util.concurrent.ThreadPoolExecutor.runWorker(ThreadPoolExecutor.java:1149)
at java.util.concurrent.ThreadPoolExecutor$Worker.run(ThreadPoolExecutor.java:624)
at java.lang.Thread.run(Thread.java:748)
]]>
            </full-stacktrace>
          </exception> <!-- java.lang.NullPointerException -->
          <reporter-output>
          </reporter-output>
        </test-method> <!-- googleMilkExample -->
        <test-method status="PASS" signature="clearCookies()[pri:0, instance:Chapter1.BasicIT@735b478]" name="clearCookies" is-config="true" duration-ms="0" started-at="2018-09-10T08:39:49Z" finished-at="2018-09-10T08:39:49Z">
          <reporter-output>
          </reporter-output>
        </test-method> <!-- clearCookies -->
        <test-method status="PASS" signature="closeDriverObjects()[pri:0, instance:Chapter1.BasicIT@735b478]" name="closeDriverObjects" is-config="true" duration-ms="434" started-at="2018-09-10T08:39:49Z" finished-at="2018-09-10T08:39:49Z">
          <reporter-output>
          </reporter-output>
        </test-method> <!-- closeDriverObjects -->
      </class> <!-- Chapter1.BasicIT -->
    </test> <!-- Surefire test -->
  </suite> <!-- Surefire suite -->
</testng-results>
