<?xml version="1.0" encoding="UTF-8"?>
<testsuite xmlns:xsi="http://www.w3.org/2001/XMLSchema-instance" xsi:noNamespaceSchemaLocation="https://maven.apache.org/surefire/maven-failsafe-plugin/xsd/failsafe-test-report.xsd" name="Chapter1.BasicIT" time="2.872" tests="2" errors="0" skipped="0" failures="2">
  <properties>
[...]
</properties>
  <testcase name="googleCheeseExample" classname="Chapter1.BasicIT" time="2.188">
    <failure type="java.lang.NullPointerException">java.lang.NullPointerException
	at Chapter1.BasicIT.googleExampleThatSearchesFor(BasicIT.java:25)
	at Chapter1.BasicIT.googleCheeseExample(BasicIT.java:43)
</failure>
    <system-out><![CDATA[Configuring TestNG with: TestNG60Configurator
 
Local Operating System: MAC OS X
Local Architecture: x86_64
Selected Browser: FIREFOX
Connecting to Selenium Grid: false
 
]]></system-out>
    <system-err><![CDATA[1536568787486	geckodriver	INFO	geckodriver 0.20.0
1536568787493	geckodriver	INFO	Listening on 127.0.0.1:39842
1536568787693	mozrunner::runner	INFO	Running command: "/Applications/Firefox.app/Contents/MacOS/firefox-bin" "-marionette" "-headless" "-profile" "/var/folders/01/y81pvl917qsgp327fcrwflq80000gn/T/rust_mozprofile.NJ9KevnOUxKE"
*** You are running in headless mode.
2018-09-10 10:39:48.842 plugin-container[1256:40608] *** CFMessagePort: bootstrap_register(): failed 1100 (0x44c) 'Permission denied', port = 0x7e3f, name = 'com.apple.tsm.portname'
See /usr/include/servers/bootstrap_defs.h for the error codes.
2018-09-10 10:39:49.032 plugin-container[1257:40633] *** CFMessagePort: bootstrap_register(): failed 1100 (0x44c) 'Permission denied', port = 0x763f, name = 'com.apple.tsm.portname'
See /usr/include/servers/bootstrap_defs.h for the error codes.
1536568789209	Marionette	INFO	Listening on port 51250
1536568789271	Marionette	WARN	TLS certificate errors will be ignored for this session
Sep 10, 2018 10:39:49 AM org.openqa.selenium.remote.ProtocolHandshake createSession
INFO: Detected dialect: W3C
Unable to capture screenshot: null
]]></system-err>
  </testcase>
  <testcase name="googleMilkExample" classname="Chapter1.BasicIT" time="0">
    <failure type="java.lang.NullPointerException">java.lang.NullPointerException
	at Chapter1.BasicIT.googleExampleThatSearchesFor(BasicIT.java:25)
	at Chapter1.BasicIT.googleMilkExample(BasicIT.java:48)
</failure>
    <system-err><![CDATA[Unable to delete cookies: null
Unable to capture screenshot: null
]]></system-err>
  </testcase>
</testsuite>